sed: 1: "s/.*\///s/.meow//": bad flag in substitute command: 's'
./test/run_regression_tests.sh: line 13: base_filename: command not found
./test/run_regression_tests.sh: line 63: CheckFail: command not found
sed: 1: "s/.*\///s/.meow//": bad flag in substitute command: 's'
./test/run_regression_tests.sh: line 13: base_filename: command not found
sed: 1: "s/.*\///s/.meow//": bad flag in substitute command: 's'
./test/run_regression_tests.sh: line 13: base_filename: command not found
sed: 1: "s/.*\///s/.meow//": bad flag in substitute command: 's'
./test/run_regression_tests.sh: line 13: base_filename: command not found
sed: 1: "s/.*\///s/.meow//": bad flag in substitute command: 's'
./test/run_regression_tests.sh: line 13: base_filename: command not found
sed: 1: "s/.*\///s/.meow//": bad flag in substitute command: 's'
./test/run_regression_tests.sh: line 13: base_filename: command not found
sed: 1: "s/.*\///s/.meow//": bad flag in substitute command: 's'
./test/run_regression_tests.sh: line 13: base_filename: command not found
sed: 1: "s/.*\///s/.meow//": bad flag in substitute command: 's'
./test/run_regression_tests.sh: line 13: base_filename: command not found
sed: 1: "s/.*\///s/.meow//": bad flag in substitute command: 's'
./test/run_regression_tests.sh: line 13: base_filename: command not found
sed: 1: "s/.*\///s/.meow//": bad flag in substitute command: 's'
./test/run_regression_tests.sh: line 13: base_filename: command not found
./test/run_regression_tests.sh: line 13: base_filename: command not found
./test/run_regression_tests.sh: line 13: base_filename: command not found
./test/run_regression_tests.sh: line 13: base_filename: command not found
./test/run_regression_tests.sh: line 13: base_filename: command not found
./test/run_regression_tests.sh: line 13: base_filename: command not found
./test/run_regression_tests.sh: line 13: base_filename: command not found
./test/run_regression_tests.sh: line 13: base_filename: command not found
./test/run_regression_tests.sh: line 13: base_filename: command not found
./test/run_regression_tests.sh: line 13: base_filename: command not found
./test/run_regression_tests.sh: line 14: base_filename: command not found
./test/run_regression_tests.sh: line 14: base_filename: command not found
./test/run_regression_tests.sh: line 14: base_filename: command not found
./test/run_regression_tests.sh: line 14: base_filename: command not found
./test/run_regression_tests.sh: line 14: base_filename: command not found
./test/run_regression_tests.sh: line 14: base_filename: command not found
./test/run_regression_tests.sh: line 14: base_filename: command not found
./test/run_regression_tests.sh: line 14: base_filename: command not found
./test/run_regression_tests.sh: line 14: base_filename: command not found
./test/run_regression_tests.sh: line 14: base_filename: command not found
./test/run_regression_tests.sh: line 14: base_filename: command not found
./test/run_regression_tests.sh: line 14: base_filename: command not found
./test/run_regression_tests.sh: line 14: base_filename: command not found
./test/run_regression_tests.sh: line 14: base_filename: command not found
./test/run_regression_tests.sh: line 14: base_filename: command not found
./test/run_regression_tests.sh: line 14: base_filename: command not found
./test/run_regression_tests.sh: line 14: base_filename: command not found
./test/run_regression_tests.sh: line 14: base_filename: command not found
*** Running test_conditionals ***
TEST FAILED: Result did not match expected output
*** Running test_conditionals ***
TEST FAILED: Result did not match expected output
*** Running test_conditionals ***
*** Running ./test/test_programs/test_conditionals.meow ***
*** Running ./test/test_programs/test_conditionals.meow ***
*** Running ./test/test_programs/test_conditionals.meow ***
./test/run_regression_tests.sh: line 27: $test_output_file: ambiguous redirect
diff: actual_output: No such file or directory
diff: expected_output: No such file or directory
./test/run_regression_tests.sh: line 27: $test_output_file: ambiguous redirect
diff: actual_output: No such file or directory
diff: expected_output: No such file or directory
./test/run_regression_tests.sh: line 27: $test_output_file: ambiguous redirect
diff: actual_output: No such file or directory
diff: expected_output: No such file or directory
./test/run_regression_tests.sh: line 27: $test_output_file: ambiguous redirect
diff: actual_output: No such file or directory
diff: expected_output: No such file or directory
./test/run_regression_tests.sh: line 27: $test_output_file: ambiguous redirect
diff: actual_output: No such file or directory
diff: expected_output: No such file or directory
./test/run_regression_tests.sh: line 27: $test_output_file: ambiguous redirect
diff: actual_output: No such file or directory
diff: expected_output: No such file or directory
./test/run_regression_tests.sh: line 27: $test_output_file: ambiguous redirect
diff: actual_output: No such file or directory
diff: expected_output: No such file or directory
./test/run_regression_tests.sh: line 27: $test_output_file: ambiguous redirect
diff: actual_output: No such file or directory
diff: expected_output: No such file or directory
diff: actual_output: No such file or directory
diff: expected_output: No such file or directory
